<?xml version="1.0" encoding="UTF-8"?>
<testsuite name="SalaryCalculatorTest" tests="11" skipped="0" failures="0" errors="0" timestamp="2023-04-21T21:07:24" hostname="MacBook-Pro.local" time="0.017">
  <properties/>
  <testcase name="soldAboveThreshold" classname="SalaryCalculatorTest" time="0.016"/>
  <testcase name="skippedBelowThresholdAndSoldAboveThreshold" classname="SalaryCalculatorTest" time="0.0"/>
  <testcase name="salaryRespectMaximum" classname="SalaryCalculatorTest" time="0.001"/>
  <testcase name="regularSalary" classname="SalaryCalculatorTest" time="0.0"/>
  <testcase name="salaryCanReachCloseToMaximum" classname="SalaryCalculatorTest" time="0.0"/>
  <testcase name="skippedAboveThresholdAndSoldBelowThreshold" classname="SalaryCalculatorTest" time="0.0"/>
  <testcase name="skippedBelowThreshold" classname="SalaryCalculatorTest" time="0.0"/>
  <testcase name="skippedAboveThresholdAndSoldAboveThreshold" classname="SalaryCalculatorTest" time="0.0"/>
  <testcase name="skippedAboveThreshold" classname="SalaryCalculatorTest" time="0.0"/>
  <testcase name="soldBelowThreshold" classname="SalaryCalculatorTest" time="0.0"/>
  <testcase name="skippedBelowThresholdAndSoldBelowThreshold" classname="SalaryCalculatorTest" time="0.0"/>
  <system-out><![CDATA[]]></system-out>
  <system-err><![CDATA[]]></system-err>
</testsuite>
