<?xml version="1.0" encoding="UTF-8"?>
<testsuite name="BeerSongTest" tests="8" skipped="0" failures="0" errors="0" timestamp="2023-05-07T21:47:28" hostname="MacBook-Pro.local" time="0.017">
  <properties/>
  <testcase name="singFirstTwoVerses" classname="BeerSongTest" time="0.016"/>
  <testcase name="singEntireSong" classname="BeerSongTest" time="0.0"/>
  <testcase name="singLastGenericVerse" classname="BeerSongTest" time="0.0"/>
  <testcase name="singLastThreeVerses" classname="BeerSongTest" time="0.0"/>
  <testcase name="singFirstVerse" classname="BeerSongTest" time="0.0"/>
  <testcase name="verseWithOneBottle" classname="BeerSongTest" time="0.0"/>
  <testcase name="verseWithTwoBottles" classname="BeerSongTest" time="0.0"/>
  <testcase name="verseWithZeroBottles" classname="BeerSongTest" time="0.0"/>
  <system-out><![CDATA[]]></system-out>
  <system-err><![CDATA[]]></system-err>
</testsuite>
