<?xml version="1.0" encoding="UTF-8"?>
<testsuite name="FlattenerTest" tests="6" skipped="0" failures="0" errors="0" timestamp="2023-04-13T19:51:24" hostname="MacBook-Pro.local" time="0.001">
  <properties/>
  <testcase name="testSixLevelsOfNestingWithNulls" classname="FlattenerTest" time="0.0"/>
  <testcase name="testASingleLevelOfNestingWithNoNulls" classname="FlattenerTest" time="0.001"/>
  <testcase name="testFlatListIsPreserved" classname="FlattenerTest" time="0.0"/>
  <testcase name="testFiveLevelsOfNestingWithNoNulls" classname="FlattenerTest" time="0.0"/>
  <testcase name="testNestedListsFullOfNullsOnly" classname="FlattenerTest" time="0.0"/>
  <testcase name="testSixLevelsOfNestingWithNoNulls" classname="FlattenerTest" time="0.0"/>
  <system-out><![CDATA[]]></system-out>
  <system-err><![CDATA[]]></system-err>
</testsuite>
