<?xml version="1.0" encoding="UTF-8"?>
<testsuite name="MatrixTest" tests="1" skipped="0" failures="0" errors="0" timestamp="2023-04-13T18:34:58" hostname="MacBook-Pro.local" time="0.001">
  <properties/>
  <testcase name="testCanIdentifySingleSaddlePoint" classname="MatrixTest" time="0.001"/>
  <system-out><![CDATA[]]></system-out>
  <system-err><![CDATA[]]></system-err>
</testsuite>
